<?xml version="1.0" encoding="UTF-8"?>
<!-- Generated by org.testng.reporters.JUnitReportReporter -->
<testsuite skipped="0" hostname="DESKTOP-5R4V9FI" name="test.TestNGTest" tests="3" failures="0" timestamp="2020-06-24T01:03:31 CDT" time="47.428" errors="0">
  <testcase name="userShouldBeAbleToAddCategory" time="14.388" classname="test.TestNGTest"/>
  <system-out/>
  <testcase name="userShouldNotBeAbleToAddDuplicateCategory" time="21.246" classname="test.TestNGTest"/>
  <system-out/>
  <testcase name="dropdownShouldHaveAllMonths" time="11.794" classname="test.TestNGTest"/>
  <system-out/>
</testsuite> <!-- test.TestNGTest -->
