<?xml version="1.0" encoding="UTF-8"?>
<!-- Generated by org.testng.reporters.JUnitReportReporter -->
<testsuite skipped="0" hostname="DESKTOP-5R4V9FI" name="test.DuplicateTest" tests="1" failures="0" timestamp="2020-06-22T18:32:14 CDT" time="16.192" errors="0">
  <testcase name="userShouldNotBeAbleToAddDuplicateCategory" time="16.192" classname="test.DuplicateTest"/>
  <system-out/>
</testsuite> <!-- test.DuplicateTest -->
