<?xml version="1.0" encoding="UTF-8"?>
<!-- Generated by org.testng.reporters.JUnitReportReporter -->
<testsuite skipped="0" hostname="DESKTOP-5R4V9FI" name="test.CategoryTest" tests="1" failures="0" timestamp="2020-06-19T17:41:04 CDT" time="13.399" errors="0">
  <testcase name="userShouldBeAbleToAddCategory" time="13.399" classname="test.CategoryTest"/>
  <system-out/>
</testsuite> <!-- test.CategoryTest -->
