<?xml version="1.0" encoding="UTF-8"?>
<!-- Generated by org.testng.reporters.JUnitReportReporter -->
<testsuite skipped="0" hostname="DESKTOP-5R4V9FI" name="test.DropdownTest" tests="1" failures="0" timestamp="2020-06-23T19:28:51 CDT" time="13.264" errors="0">
  <testcase name="dropdownShouldHaveAllMonths" time="13.264" classname="test.DropdownTest"/>
  <system-out/>
</testsuite> <!-- test.DropdownTest -->
